This is pdfTeX, Version 3.1415926-2.5-1.40.14 (MiKTeX 2.9) (preloaded format=pdflatex 2014.8.5)  24 OCT 2014 21:27
entering extended mode
**Final*Report.tex

("E:\COMPSCI 760\Group project\git1\760Project\Final Report template\Final Repo
rt.tex"
LaTeX2e <2011/06/27>
Babel <v3.8m> and hyphenation patterns for english, afrikaans, ancientgreek, ar
abic, armenian, assamese, basque, bengali, bokmal, bulgarian, catalan, coptic, 
croatian, czech, danish, dutch, esperanto, estonian, farsi, finnish, french, ga
lician, german, german-x-2013-05-26, greek, gujarati, hindi, hungarian, iceland
ic, indonesian, interlingua, irish, italian, kannada, kurmanji, latin, latvian,
 lithuanian, malayalam, marathi, mongolian, mongolianlmc, monogreek, ngerman, n
german-x-2013-05-26, nynorsk, oriya, panjabi, pinyin, polish, portuguese, roman
ian, russian, sanskrit, serbian, slovak, slovenian, spanish, swedish, swissgerm
an, tamil, telugu, turkish, turkmen, ukenglish, ukrainian, uppersorbian, usengl
ishmax, welsh, loaded.

("E:\COMPSCI 760\Group project\git1\760Project\Final Report template\IEEEtran.c
ls"
Document Class: IEEEtran 2012/11/21 V1.8c by Harald Hanche-Olsen and Anders Chr
istensen
-- Based on V1.7a by Michael Shell
-- See the "IEEEtran_HOWTO" manual for usage information.
-- http://www.michaelshell.org/tex/ieeetran/
\@IEEEtrantmpdimenA=\dimen102
\@IEEEtrantmpdimenB=\dimen103
\@IEEEtrantmpcountA=\count79
\@IEEEtrantmpcountB=\count80
\@IEEEtrantmptoksA=\toks14
LaTeX Font Info:    Try loading font information for OT1+ptm on input line 373.

("C:\Program Files (x86)\MiKTeX 2.9\tex\latex\psnfss\ot1ptm.fd"
File: ot1ptm.fd 2001/06/04 font definitions for OT1/ptm.
)
-- Using 8.5in x 11in (letter) paper.
-- Using PDF output.
\@IEEEnormalsizeunitybaselineskip=\dimen104
-- This is a 10 point document.
** ATTENTION: Technotes are normally 9pt documents.
\CLASSINFOnormalsizebaselineskip=\dimen105
\CLASSINFOnormalsizeunitybaselineskip=\dimen106
\IEEEnormaljot=\dimen107
LaTeX Font Info:    Font shape `OT1/ptm/bx/n' in size <5> not available
(Font)              Font shape `OT1/ptm/b/n' tried instead on input line 731.
LaTeX Font Info:    Font shape `OT1/ptm/bx/it' in size <5> not available
(Font)              Font shape `OT1/ptm/b/it' tried instead on input line 731.
LaTeX Font Info:    Font shape `OT1/ptm/bx/n' in size <7> not available
(Font)              Font shape `OT1/ptm/b/n' tried instead on input line 731.
LaTeX Font Info:    Font shape `OT1/ptm/bx/it' in size <7> not available
(Font)              Font shape `OT1/ptm/b/it' tried instead on input line 731.
LaTeX Font Info:    Font shape `OT1/ptm/bx/n' in size <8> not available
(Font)              Font shape `OT1/ptm/b/n' tried instead on input line 731.
LaTeX Font Info:    Font shape `OT1/ptm/bx/it' in size <8> not available
(Font)              Font shape `OT1/ptm/b/it' tried instead on input line 731.
LaTeX Font Info:    Font shape `OT1/ptm/bx/n' in size <9> not available
(Font)              Font shape `OT1/ptm/b/n' tried instead on input line 731.
LaTeX Font Info:    Font shape `OT1/ptm/bx/it' in size <9> not available
(Font)              Font shape `OT1/ptm/b/it' tried instead on input line 731.
LaTeX Font Info:    Font shape `OT1/ptm/bx/n' in size <10> not available
(Font)              Font shape `OT1/ptm/b/n' tried instead on input line 731.
LaTeX Font Info:    Font shape `OT1/ptm/bx/it' in size <10> not available
(Font)              Font shape `OT1/ptm/b/it' tried instead on input line 731.
LaTeX Font Info:    Font shape `OT1/ptm/bx/n' in size <11> not available
(Font)              Font shape `OT1/ptm/b/n' tried instead on input line 731.
LaTeX Font Info:    Font shape `OT1/ptm/bx/it' in size <11> not available
(Font)              Font shape `OT1/ptm/b/it' tried instead on input line 731.
LaTeX Font Info:    Font shape `OT1/ptm/bx/n' in size <12> not available
(Font)              Font shape `OT1/ptm/b/n' tried instead on input line 731.
LaTeX Font Info:    Font shape `OT1/ptm/bx/it' in size <12> not available
(Font)              Font shape `OT1/ptm/b/it' tried instead on input line 731.
LaTeX Font Info:    Font shape `OT1/ptm/bx/n' in size <17> not available
(Font)              Font shape `OT1/ptm/b/n' tried instead on input line 731.
LaTeX Font Info:    Font shape `OT1/ptm/bx/it' in size <17> not available
(Font)              Font shape `OT1/ptm/b/it' tried instead on input line 731.
LaTeX Font Info:    Font shape `OT1/ptm/bx/n' in size <20> not available
(Font)              Font shape `OT1/ptm/b/n' tried instead on input line 731.
LaTeX Font Info:    Font shape `OT1/ptm/bx/it' in size <20> not available
(Font)              Font shape `OT1/ptm/b/it' tried instead on input line 731.
LaTeX Font Info:    Font shape `OT1/ptm/bx/n' in size <24> not available
(Font)              Font shape `OT1/ptm/b/n' tried instead on input line 731.
LaTeX Font Info:    Font shape `OT1/ptm/bx/it' in size <24> not available
(Font)              Font shape `OT1/ptm/b/it' tried instead on input line 731.
\IEEEilabelindentA=\dimen108
\IEEEilabelindentB=\dimen109
\IEEEilabelindent=\dimen110
\IEEEelabelindent=\dimen111
\IEEEdlabelindent=\dimen112
\IEEElabelindent=\dimen113
\IEEEiednormlabelsep=\dimen114
\IEEEiedmathlabelsep=\dimen115
\IEEEiedtopsep=\skip41
\c@section=\count81
\c@subsection=\count82
\c@subsubsection=\count83
\c@paragraph=\count84
\c@IEEEsubequation=\count85
\abovecaptionskip=\skip42
\belowcaptionskip=\skip43
\c@figure=\count86
\c@table=\count87
\@IEEEeqnnumcols=\count88
\@IEEEeqncolcnt=\count89
\@IEEEtmpitemindent=\dimen116
\c@IEEEbiography=\count90
\@IEEEtranrubishbin=\box26
) ("C:\Program Files (x86)\MiKTeX 2.9\tex\latex\base\alltt.sty"
Package: alltt 1997/06/16 v2.0g defines alltt environment
)
("C:\Program Files (x86)\MiKTeX 2.9\tex\latex\graphics\graphicx.sty"
Package: graphicx 1999/02/16 v1.0f Enhanced LaTeX Graphics (DPC,SPQR)

("C:\Program Files (x86)\MiKTeX 2.9\tex\latex\graphics\keyval.sty"
Package: keyval 1999/03/16 v1.13 key=value parser (DPC)
\KV@toks@=\toks15
)
("C:\Program Files (x86)\MiKTeX 2.9\tex\latex\graphics\graphics.sty"
Package: graphics 2009/02/05 v1.0o Standard LaTeX Graphics (DPC,SPQR)

("C:\Program Files (x86)\MiKTeX 2.9\tex\latex\graphics\trig.sty"
Package: trig 1999/03/16 v1.09 sin cos tan (DPC)
)
("C:\Program Files (x86)\MiKTeX 2.9\tex\latex\00miktex\graphics.cfg"
File: graphics.cfg 2007/01/18 v1.5 graphics configuration of teTeX/TeXLive
)
Package graphics Info: Driver file: pdftex.def on input line 91.

("C:\Program Files (x86)\MiKTeX 2.9\tex\latex\pdftex-def\pdftex.def"
File: pdftex.def 2011/05/27 v0.06d Graphics/color for pdfTeX

("C:\Program Files (x86)\MiKTeX 2.9\tex\generic\oberdiek\infwarerr.sty"
Package: infwarerr 2010/04/08 v1.3 Providing info/warning/error messages (HO)
)
("C:\Program Files (x86)\MiKTeX 2.9\tex\generic\oberdiek\ltxcmds.sty"
Package: ltxcmds 2011/11/09 v1.22 LaTeX kernel commands for general use (HO)
)
\Gread@gobject=\count91
))
\Gin@req@height=\dimen117
\Gin@req@width=\dimen118
)
("C:\Program Files (x86)\MiKTeX 2.9\tex\latex\amsmath\amsmath.sty"
Package: amsmath 2013/01/14 v2.14 AMS math features
\@mathmargin=\skip44

For additional information on amsmath, use the `?' option.
("C:\Program Files (x86)\MiKTeX 2.9\tex\latex\amsmath\amstext.sty"
Package: amstext 2000/06/29 v2.01

("C:\Program Files (x86)\MiKTeX 2.9\tex\latex\amsmath\amsgen.sty"
File: amsgen.sty 1999/11/30 v2.0
\@emptytoks=\toks16
\ex@=\dimen119
))
("C:\Program Files (x86)\MiKTeX 2.9\tex\latex\amsmath\amsbsy.sty"
Package: amsbsy 1999/11/29 v1.2d
\pmbraise@=\dimen120
)
("C:\Program Files (x86)\MiKTeX 2.9\tex\latex\amsmath\amsopn.sty"
Package: amsopn 1999/12/14 v2.01 operator names
)
\inf@bad=\count92
LaTeX Info: Redefining \frac on input line 210.
\uproot@=\count93
\leftroot@=\count94
LaTeX Info: Redefining \overline on input line 306.
\classnum@=\count95
\DOTSCASE@=\count96
LaTeX Info: Redefining \ldots on input line 378.
LaTeX Info: Redefining \dots on input line 381.
LaTeX Info: Redefining \cdots on input line 466.
\Mathstrutbox@=\box27
\strutbox@=\box28
\big@size=\dimen121
LaTeX Font Info:    Redeclaring font encoding OML on input line 566.
LaTeX Font Info:    Redeclaring font encoding OMS on input line 567.
\macc@depth=\count97
\c@MaxMatrixCols=\count98
\dotsspace@=\muskip10
\c@parentequation=\count99
\dspbrk@lvl=\count100
\tag@help=\toks17
\row@=\count101
\column@=\count102
\maxfields@=\count103
\andhelp@=\toks18
\eqnshift@=\dimen122
\alignsep@=\dimen123
\tagshift@=\dimen124
\tagwidth@=\dimen125
\totwidth@=\dimen126
\lineht@=\dimen127
\@envbody=\toks19
\multlinegap=\skip45
\multlinetaggap=\skip46
\mathdisplay@stack=\toks20
LaTeX Info: Redefining \[ on input line 2665.
LaTeX Info: Redefining \] on input line 2666.
)
("C:\Program Files (x86)\MiKTeX 2.9\tex\latex\amsfonts\amssymb.sty"
Package: amssymb 2013/01/14 v3.01 AMS font symbols

("C:\Program Files (x86)\MiKTeX 2.9\tex\latex\amsfonts\amsfonts.sty"
Package: amsfonts 2013/01/14 v3.01 Basic AMSFonts support
\symAMSa=\mathgroup4
\symAMSb=\mathgroup5
LaTeX Font Info:    Overwriting math alphabet `\mathfrak' in version `bold'
(Font)                  U/euf/m/n --> U/euf/b/n on input line 106.
))
("C:\Program Files (x86)\MiKTeX 2.9\tex\latex\hyperref\hyperref.sty"
Package: hyperref 2012/11/06 v6.83m Hypertext links for LaTeX

("C:\Program Files (x86)\MiKTeX 2.9\tex\generic\oberdiek\hobsub-hyperref.sty"
Package: hobsub-hyperref 2012/04/25 v1.12 Bundle oberdiek, subset hyperref (HO)


("C:\Program Files (x86)\MiKTeX 2.9\tex\generic\oberdiek\hobsub-generic.sty"
Package: hobsub-generic 2012/04/25 v1.12 Bundle oberdiek, subset generic (HO)
Package: hobsub 2012/04/25 v1.12 Construct package bundles (HO)
Package hobsub Info: Skipping package `infwarerr' (already loaded).
Package hobsub Info: Skipping package `ltxcmds' (already loaded).
Package: ifluatex 2010/03/01 v1.3 Provides the ifluatex switch (HO)
Package ifluatex Info: LuaTeX not detected.
Package: ifvtex 2010/03/01 v1.5 Detect VTeX and its facilities (HO)
Package ifvtex Info: VTeX not detected.
Package: intcalc 2007/09/27 v1.1 Expandable calculations with integers (HO)
Package: ifpdf 2011/01/30 v2.3 Provides the ifpdf switch (HO)
Package ifpdf Info: pdfTeX in PDF mode is detected.
Package: etexcmds 2011/02/16 v1.5 Avoid name clashes with e-TeX commands (HO)
Package etexcmds Info: Could not find \expanded.
(etexcmds)             That can mean that you are not using pdfTeX 1.50 or
(etexcmds)             that some package has redefined \expanded.
(etexcmds)             In the latter case, load this package earlier.
Package: kvsetkeys 2012/04/25 v1.16 Key value parser (HO)
Package: kvdefinekeys 2011/04/07 v1.3 Define keys (HO)
Package: pdftexcmds 2011/11/29 v0.20 Utility functions of pdfTeX for LuaTeX (HO
)
Package pdftexcmds Info: LuaTeX not detected.
Package pdftexcmds Info: \pdf@primitive is available.
Package pdftexcmds Info: \pdf@ifprimitive is available.
Package pdftexcmds Info: \pdfdraftmode found.
Package: pdfescape 2011/11/25 v1.13 Implements pdfTeX's escape features (HO)
Package: bigintcalc 2012/04/08 v1.3 Expandable calculations on big integers (HO
)
Package: bitset 2011/01/30 v1.1 Handle bit-vector datatype (HO)
Package: uniquecounter 2011/01/30 v1.2 Provide unlimited unique counter (HO)
)
Package hobsub Info: Skipping package `hobsub' (already loaded).
Package: letltxmacro 2010/09/02 v1.4 Let assignment for LaTeX macros (HO)
Package: hopatch 2011/06/24 v1.1 Wrapper for package hooks (HO)
Package: xcolor-patch 2011/01/30 xcolor patch
Package: atveryend 2011/06/30 v1.8 Hooks at the very end of document (HO)
Package atveryend Info: \enddocument detected (standard20110627).
Package: atbegshi 2011/10/05 v1.16 At begin shipout hook (HO)
Package: refcount 2011/10/16 v3.4 Data extraction from label references (HO)
Package: hycolor 2011/01/30 v1.7 Color options for hyperref/bookmark (HO)
)
("C:\Program Files (x86)\MiKTeX 2.9\tex\generic\ifxetex\ifxetex.sty"
Package: ifxetex 2010/09/12 v0.6 Provides ifxetex conditional
)
("C:\Program Files (x86)\MiKTeX 2.9\tex\latex\oberdiek\auxhook.sty"
Package: auxhook 2011/03/04 v1.3 Hooks for auxiliary files (HO)
)
("C:\Program Files (x86)\MiKTeX 2.9\tex\latex\oberdiek\kvoptions.sty"
Package: kvoptions 2011/06/30 v3.11 Key value format for package options (HO)
)
\@linkdim=\dimen128
\Hy@linkcounter=\count104
\Hy@pagecounter=\count105

("C:\Program Files (x86)\MiKTeX 2.9\tex\latex\hyperref\pd1enc.def"
File: pd1enc.def 2012/11/06 v6.83m Hyperref: PDFDocEncoding definition (HO)
)
\Hy@SavedSpaceFactor=\count106

("C:\Program Files (x86)\MiKTeX 2.9\tex\latex\00miktex\hyperref.cfg"
File: hyperref.cfg 2002/06/06 v1.2 hyperref configuration of TeXLive
)
Package hyperref Info: Hyper figures OFF on input line 4443.
Package hyperref Info: Link nesting OFF on input line 4448.
Package hyperref Info: Hyper index ON on input line 4451.
Package hyperref Info: Plain pages OFF on input line 4458.
Package hyperref Info: Backreferencing OFF on input line 4463.
Package hyperref Info: Implicit mode ON; LaTeX internals redefined.
Package hyperref Info: Bookmarks ON on input line 4688.
\c@Hy@tempcnt=\count107

("C:\Program Files (x86)\MiKTeX 2.9\tex\latex\url\url.sty"
\Urlmuskip=\muskip11
Package: url 2006/04/12  ver 3.3  Verb mode for urls, etc.
)
LaTeX Info: Redefining \url on input line 5041.
\XeTeXLinkMargin=\dimen129
\Fld@menulength=\count108
\Field@Width=\dimen130
\Fld@charsize=\dimen131
Package hyperref Info: Hyper figures OFF on input line 6295.
Package hyperref Info: Link nesting OFF on input line 6300.
Package hyperref Info: Hyper index ON on input line 6303.
Package hyperref Info: backreferencing OFF on input line 6310.
Package hyperref Info: Link coloring OFF on input line 6315.
Package hyperref Info: Link coloring with OCG OFF on input line 6320.
Package hyperref Info: PDF/A mode OFF on input line 6325.
LaTeX Info: Redefining \ref on input line 6365.
LaTeX Info: Redefining \pageref on input line 6369.
\Hy@abspage=\count109
\c@Item=\count110
\c@Hfootnote=\count111
)

Package hyperref Message: Driver (autodetected): hpdftex.

("C:\Program Files (x86)\MiKTeX 2.9\tex\latex\hyperref\hpdftex.def"
File: hpdftex.def 2012/11/06 v6.83m Hyperref driver for pdfTeX
\Fld@listcount=\count112
\c@bookmark@seq@number=\count113

("C:\Program Files (x86)\MiKTeX 2.9\tex\latex\oberdiek\rerunfilecheck.sty"
Package: rerunfilecheck 2011/04/15 v1.7 Rerun checks for auxiliary files (HO)
Package uniquecounter Info: New unique counter `rerunfilecheck' on input line 2
82.
)
\Hy@SectionHShift=\skip47
)
("E:\COMPSCI 760\Group project\git1\760Project\Final Report template\Final Repo
rt.aux")
LaTeX Font Info:    Checking defaults for OML/cmm/m/it on input line 18.
LaTeX Font Info:    ... okay on input line 18.
LaTeX Font Info:    Checking defaults for T1/cmr/m/n on input line 18.
LaTeX Font Info:    ... okay on input line 18.
LaTeX Font Info:    Checking defaults for OT1/cmr/m/n on input line 18.
LaTeX Font Info:    ... okay on input line 18.
LaTeX Font Info:    Checking defaults for OMS/cmsy/m/n on input line 18.
LaTeX Font Info:    ... okay on input line 18.
LaTeX Font Info:    Checking defaults for OMX/cmex/m/n on input line 18.
LaTeX Font Info:    ... okay on input line 18.
LaTeX Font Info:    Checking defaults for U/cmr/m/n on input line 18.
LaTeX Font Info:    ... okay on input line 18.
LaTeX Font Info:    Checking defaults for PD1/pdf/m/n on input line 18.
LaTeX Font Info:    ... okay on input line 18.
 ("C:\Program Files (x86)\MiKTeX 2.9\tex\context\base\supp-pdf.mkii"
[Loading MPS to PDF converter (version 2006.09.02).]
\scratchcounter=\count114
\scratchdimen=\dimen132
\scratchbox=\box29
\nofMPsegments=\count115
\nofMParguments=\count116
\everyMPshowfont=\toks21
\MPscratchCnt=\count117
\MPscratchDim=\dimen133
\MPnumerator=\count118
\makeMPintoPDFobject=\count119
\everyMPtoPDFconversion=\toks22
)
\AtBeginShipoutBox=\box30
Package hyperref Info: Link coloring OFF on input line 18.
 ("C:\Program Files (x86)\MiKTeX 2.9\tex\latex\hyperref\nameref.sty"
Package: nameref 2012/10/27 v2.43 Cross-referencing by name of section

("C:\Program Files (x86)\MiKTeX 2.9\tex\generic\oberdiek\gettitlestring.sty"
Package: gettitlestring 2010/12/03 v1.4 Cleanup title references (HO)
)
\c@section@level=\count120
)
LaTeX Info: Redefining \ref on input line 18.
LaTeX Info: Redefining \pageref on input line 18.
LaTeX Info: Redefining \nameref on input line 18.

("E:\COMPSCI 760\Group project\git1\760Project\Final Report template\Final Repo
rt.out")
("E:\COMPSCI 760\Group project\git1\760Project\Final Report template\Final Repo
rt.out")
\@outlinefile=\write3
Missing character: There is no Ò in font ptmr7t!
Missing character: There is no Ó in font ptmr7t!
Missing character: There is no Õ in font ptmr7t!
Missing character: There is no Õ in font ptmr7t!
Missing character: There is no Õ in font ptmr7t!
Missing character: There is no Ò in font ptmr7t!
Missing character: There is no Ó in font ptmr7t!
 [1{C:/ProgramData/MiKTeX/2.9/pdftex/config/pdftex.map}

]
Underfull \hbox (badness 3601) in paragraph at lines 66--76
\OT1/ptm/m/n/10 (3) If the SMOTE flag is set per-form SMOTE and
 []


Underfull \hbox (badness 10000) in paragraph at lines 66--76

 []


Underfull \hbox (badness 10000) in paragraph at lines 66--76

 []


Underfull \hbox (badness 10000) in paragraph at lines 66--76
\OT1/ptm/m/n/10 The re-sult-ing in-stances gen-er-ated from SMOTE are
 []


Underfull \hbox (badness 3271) in paragraph at lines 66--76
\OT1/ptm/m/n/10 ran-dom-ized, and a ran-dom sam-ple of 2,000 in-stances
 []


Underfull \hbox (badness 10000) in paragraph at lines 66--76

 []

<1024.jpg, id=92, 845.1575pt x 592.2125pt>
File: 1024.jpg Graphic file (type jpg)
 <use 1024.jpg>
Package pdftex.def Info: 1024.jpg used on input line 78.
(pdftex.def)             Requested size: 251.56563pt x 176.2735pt.
LaTeX Font Info:    Try loading font information for U+msa on input line 87.

("C:\Program Files (x86)\MiKTeX 2.9\tex\latex\amsfonts\umsa.fd"
File: umsa.fd 2013/01/14 v3.01 AMS symbols A
)
LaTeX Font Info:    Try loading font information for U+msb on input line 87.

("C:\Program Files (x86)\MiKTeX 2.9\tex\latex\amsfonts\umsb.fd"
File: umsb.fd 2013/01/14 v3.01 AMS symbols B
)
Overfull \hbox (2.85782pt too wide) in paragraph at lines 87--102
[][] 
 []

[2 <E:/COMPSCI 760/Group project/git1/760Project/Final Report template/1024.jpg
>] [3]
Underfull \hbox (badness 5008) in paragraph at lines 148--149
[]\OT1/ptm/m/n/10 class-balance ra-tio, with lev-els '\OT1/ptm/b/n/10 Balanced\
OT1/ptm/m/n/10 ' (1:1),
 []


Underfull \hbox (badness 2088) in paragraph at lines 153--154
[]\OT1/ptm/m/n/10 sampling method, with lev-els '\OT1/ptm/b/n/10 SMOTE\OT1/ptm/
m/n/10 ' and '\OT1/ptm/b/n/10 No
 []

<GDriftGrad.png, id=115, 462.97969pt x 281.55188pt>
File: GDriftGrad.png Graphic file (type png)
 <use GDriftGrad.png>
Package pdftex.def Info: GDriftGrad.png used on input line 166.
(pdftex.def)             Requested size: 251.56563pt x 152.98518pt.

<GDriftAbr.png, id=116, 462.97969pt x 281.55188pt>
File: GDriftAbr.png Graphic file (type png)
 <use GDriftAbr.png>
Package pdftex.def Info: GDriftAbr.png used on input line 173.
(pdftex.def)             Requested size: 251.56563pt x 152.98518pt.
 [4 <E:/COMPSCI 760/Group project/git1/760Project/Final Report template/GDriftG
rad.png> <E:/COMPSCI 760/Group project/git1/760Project/Final Report template/GD
riftAbr.png>] <DriftTable.png, id=125, 683.55376pt x 179.16937pt>
File: DriftTable.png Graphic file (type png)
 <use DriftTable.png>
Package pdftex.def Info: DriftTable.png used on input line 180.
(pdftex.def)             Requested size: 524.09975pt x 137.38399pt.

<GSMOTEGrad.png, id=126, 430.60875pt x 269.50688pt>
File: GSMOTEGrad.png Graphic file (type png)
 <use GSMOTEGrad.png>
Package pdftex.def Info: GSMOTEGrad.png used on input line 192.
(pdftex.def)             Requested size: 251.56563pt x 157.4532pt.

<GSMOTEAbr.png, id=127, 430.60875pt x 269.50688pt>
File: GSMOTEAbr.png Graphic file (type png)
 <use GSMOTEAbr.png>
Package pdftex.def Info: GSMOTEAbr.png used on input line 199.
(pdftex.def)             Requested size: 251.56563pt x 157.4532pt.


LaTeX Warning: `h' float specifier changed to `ht'.

<SMOTETable.png, id=128, 682.80093pt x 188.95593pt>
File: SMOTETable.png Graphic file (type png)
 <use SMOTETable.png>
Package pdftex.def Info: SMOTETable.png used on input line 206.
(pdftex.def)             Requested size: 524.09975pt x 145.04672pt.

<GComplexityMemGrad.png, id=129, 391.4625pt x 241.65282pt>
File: GComplexityMemGrad.png Graphic file (type png)

<use GComplexityMemGrad.png>
Package pdftex.def Info: GComplexityMemGrad.png used on input line 217.
(pdftex.def)             Requested size: 251.56563pt x 155.29517pt.
 [5 <E:/COMPSCI 760/Group project/git1/760Project/Final Report template/GSMOTEG
rad.png> <E:/COMPSCI 760/Group project/git1/760Project/Final Report template/GS
MOTEAbr.png> <E:/COMPSCI 760/Group project/git1/760Project/Final Report templat
e/GComplexityMemGrad.png>]
<GComplexityMemAbr.png, id=137, 391.4625pt x 241.65282pt>
File: GComplexityMemAbr.png Graphic file (type png)

<use GComplexityMemAbr.png>
Package pdftex.def Info: GComplexityMemAbr.png used on input line 226.
(pdftex.def)             Requested size: 251.56563pt x 155.29517pt.

<GComplexityTimeGrad.png, id=138, 391.4625pt x 241.65282pt>
File: GComplexityTimeGrad.png Graphic file (type png)

<use GComplexityTimeGrad.png>
Package pdftex.def Info: GComplexityTimeGrad.png used on input line 233.
(pdftex.def)             Requested size: 251.56563pt x 155.29517pt.

<GComplexityTimeAbr.png, id=139, 391.4625pt x 241.65282pt>
File: GComplexityTimeAbr.png Graphic file (type png)

<use GComplexityTimeAbr.png>
Package pdftex.def Info: GComplexityTimeAbr.png used on input line 240.
(pdftex.def)             Requested size: 251.56563pt x 155.29517pt.


LaTeX Warning: `h' float specifier changed to `ht'.

<ComplexityTableMem.png, id=140, 495.35063pt x 138.5175pt>
File: ComplexityTableMem.png Graphic file (type png)

<use ComplexityTableMem.png>
Package pdftex.def Info: ComplexityTableMem.png used on input line 251.
(pdftex.def)             Requested size: 419.28139pt x 117.24583pt.

<ComplexityTableTime.png, id=141, 495.35063pt x 139.27031pt>
File: ComplexityTableTime.png Graphic file (type png)

<use ComplexityTableTime.png>
Package pdftex.def Info: ComplexityTableTime.png used on input line 256.
(pdftex.def)             Requested size: 419.28139pt x 117.88304pt.
 [6 <E:/COMPSCI 760/Group project/git1/760Project/Final Report template/GComple
xityMemAbr.png> <E:/COMPSCI 760/Group project/git1/760Project/Final Report temp
late/GComplexityTimeGrad.png> <E:/COMPSCI 760/Group project/git1/760Project/Fin
al Report template/GComplexityTimeAbr.png>]
<GElecAccFScore.png, id=149, 508.14844pt x 342.5297pt>
File: GElecAccFScore.png Graphic file (type png)

<use GElecAccFScore.png>
Package pdftex.def Info: GElecAccFScore.png used on input line 265.
(pdftex.def)             Requested size: 251.56563pt x 169.57101pt.

<GElecRecallPrecision.png, id=150, 508.14844pt x 342.5297pt>
File: GElecRecallPrecision.png Graphic file (type png)

<use GElecRecallPrecision.png>
Package pdftex.def Info: GElecRecallPrecision.png used on input line 272.
(pdftex.def)             Requested size: 251.56563pt x 169.57101pt.

<ElecClassTable.png, id=151, 768.62157pt x 167.12437pt>
File: ElecClassTable.png Graphic file (type png)

<use ElecClassTable.png>
Package pdftex.def Info: ElecClassTable.png used on input line 279.
(pdftex.def)             Requested size: 524.09975pt x 113.96437pt.
 <ElecCostTable.png, id=152, 438.8897pt x 167.12437pt>
File: ElecCostTable.png Graphic file (type png)

<use ElecCostTable.png>
Package pdftex.def Info: ElecCostTable.png used on input line 286.
(pdftex.def)             Requested size: 366.86821pt x 139.70262pt.
 [7 <E:/COMPSCI 760/Group project/git1/760Project/Final Report template/GElecAc
cFScore.png> <E:/COMPSCI 760/Group project/git1/760Project/Final Report templat
e/GElecRecallPrecision.png>]
("E:\COMPSCI 760\Group project\git1\760Project\Final Report template\Final Repo
rt.bbl"
** WARNING: IEEEtran.bst: No hyphenation pattern has been
** loaded for the language `English'. Using the pattern for
** the default language instead.
** WARNING: IEEEtran.bst: No hyphenation pattern has been
** loaded for the language `English'. Using the pattern for
** the default language instead.
** WARNING: IEEEtran.bst: No hyphenation pattern has been
** loaded for the language `English'. Using the pattern for
** the default language instead.
** WARNING: IEEEtran.bst: No hyphenation pattern has been
** loaded for the language `English'. Using the pattern for
** the default language instead.
** WARNING: IEEEtran.bst: No hyphenation pattern has been
** loaded for the language `English'. Using the pattern for
** the default language instead.
** WARNING: IEEEtran.bst: No hyphenation pattern has been
** loaded for the language `English'. Using the pattern for
** the default language instead.
Missing character: There is no Ã in font ptmr7t!
Missing character: There is no   in font ptmr7t!
)
Package atveryend Info: Empty hook `BeforeClearDocument' on input line 321.
 [8] [9 <E:/COMPSCI 760/Group project/git1/760Project/Final Report template/Dri
ftTable.png> <E:/COMPSCI 760/Group project/git1/760Project/Final Report templat
e/SMOTETable.png> <E:/COMPSCI 760/Group project/git1/760Project/Final Report te
mplate/ComplexityTableMem.png> <E:/COMPSCI 760/Group project/git1/760Project/Fi
nal Report template/ComplexityTableTime.png>] [10 <E:/COMPSCI 760/Group project
/git1/760Project/Final Report template/ElecClassTable.png> <E:/COMPSCI 760/Grou
p project/git1/760Project/Final Report template/ElecCostTable.png>]
Package atveryend Info: Empty hook `AfterLastShipout' on input line 321.

("E:\COMPSCI 760\Group project\git1\760Project\Final Report template\Final Repo
rt.aux")
Package atveryend Info: Executing hook `AtVeryEndDocument' on input line 321.
Package atveryend Info: Executing hook `AtEndAfterFileList' on input line 321.
Package rerunfilecheck Info: File `Final*Report.out' has not changed.
(rerunfilecheck)             Checksum: <no file>.
Package atveryend Info: Empty hook `AtVeryVeryEnd' on input line 321.
 ) 
Here is how much of TeX's memory you used:
 6702 strings out of 493921
 100635 string characters out of 3144871
 187937 words of memory out of 3000000
 9859 multiletter control sequences out of 15000+200000
 40585 words of font info for 85 fonts, out of 3000000 for 9000
 841 hyphenation exceptions out of 8191
 29i,7n,28p,1013b,370s stack positions out of 5000i,500n,10000p,200000b,50000s
{C:/Program Files (x86)/MiKTeX 2.9/fonts/enc/dvips/fontname/8r.enc}<C:/Progra
m Files (x86)/MiKTeX 2.9/fonts/type1/public/amsfonts/cm/cmmi10.pfb><C:/Program 
Files (x86)/MiKTeX 2.9/fonts/type1/public/amsfonts/cm/cmr10.pfb><C:/Program Fil
es (x86)/MiKTeX 2.9/fonts/type1/public/amsfonts/cm/cmr7.pfb><C:/Program Files (
x86)/MiKTeX 2.9/fonts/type1/public/amsfonts/cm/cmsy10.pfb><C:/Program Files (x8
6)/MiKTeX 2.9/fonts/type1/urw/times/utmb8a.pfb><C:/Program Files (x86)/MiKTeX 2
.9/fonts/type1/urw/times/utmbi8a.pfb><C:/Program Files (x86)/MiKTeX 2.9/fonts/t
ype1/urw/times/utmr8a.pfb><C:/Program Files (x86)/MiKTeX 2.9/fonts/type1/urw/ti
mes/utmri8a.pfb>
Output written on "Final Report.pdf" (10 pages, 337144 bytes).
PDF statistics:
 230 PDF objects out of 1000 (max. 8388607)
 62 named destinations out of 1000 (max. 500000)
 190 words of extra memory for PDF output out of 10000 (max. 10000000)

